------------------------------------------------------------
  Performing Hirshfeld analysis of fragment charges and moments.
  ----------------------------------------------------------------------
  | Atom     1: Ir
  |   Hirshfeld charge        :      0.35343123
  |   Free atom volume        :    149.33356044
  |   Hirshfeld volume        :    141.72407509
  |   Hirshfeld dipole vector :     -0.00000021      -0.00000017       0.00000013
  |   Hirshfeld dipole moment :      0.00000030
  |   Hirshfeld second moments:      0.22598835       0.00036274      -0.00000000
  |                                  0.00036274       0.22598864      -0.00000000
  |                                 -0.00000000      -0.00000000       0.20269671
  ----------------------------------------------------------------------
  | Atom     2: Ir
  |   Hirshfeld charge        :      0.35343295
  |   Free atom volume        :    149.33356044
  |   Hirshfeld volume        :    141.72407908
  |   Hirshfeld dipole vector :     -0.00000029      -0.00000028      -0.00000011
  |   Hirshfeld dipole moment :      0.00000042
  |   Hirshfeld second moments:      0.22598887      -0.00036363       0.00000000
  |                                 -0.00036363       0.22598916       0.00000000
  |                                  0.00000000       0.00000000       0.20269610
  ----------------------------------------------------------------------
  | Atom     3: O
  |   Hirshfeld charge        :     -0.17656702
  |   Free atom volume        :     23.60491416
  |   Hirshfeld volume        :     22.78058877
  |   Hirshfeld dipole vector :     -0.00034657      -0.00034666       0.00000026
  |   Hirshfeld dipole moment :      0.00049019
  |   Hirshfeld second moments:      0.00707836       0.00506355      -0.00000001
  |                                  0.00506355       0.00707836      -0.00000001
  |                                 -0.00000001      -0.00000001       0.01411475
  ----------------------------------------------------------------------
  | Atom     4: O
  |   Hirshfeld charge        :     -0.17656763
  |   Free atom volume        :     23.60491416
  |   Hirshfeld volume        :     22.78058795
  |   Hirshfeld dipole vector :     -0.00034653       0.00034674      -0.00000029
  |   Hirshfeld dipole moment :      0.00049022
  |   Hirshfeld second moments:      0.00707826      -0.00506375      -0.00000001
  |                                 -0.00506375       0.00707833       0.00000001
  |                                 -0.00000001       0.00000001       0.01411489
  ----------------------------------------------------------------------
  | Atom     5: O
  |   Hirshfeld charge        :     -0.17656527
  |   Free atom volume        :     23.60491416
  |   Hirshfeld volume        :     22.78057807
  |   Hirshfeld dipole vector :      0.00034658       0.00034667       0.00000026
  |   Hirshfeld dipole moment :      0.00049020
  |   Hirshfeld second moments:      0.00707901       0.00506314       0.00000001
  |                                  0.00506314       0.00707900       0.00000001
  |                                  0.00000001       0.00000001       0.01411514
  ----------------------------------------------------------------------
  | Atom     6: O
  |   Hirshfeld charge        :     -0.17656758
  |   Free atom volume        :     23.60491416
  |   Hirshfeld volume        :     22.78058776
  |   Hirshfeld dipole vector :      0.00034664      -0.00034662      -0.00000029
  |   Hirshfeld dipole moment :      0.00049021
  |   Hirshfeld second moments:      0.00707835      -0.00506374       0.00000001
  |                                 -0.00506374       0.00707827      -0.00000001
  |                                  0.00000001      -0.00000001       0.01411489
  ----------------------------------------------------------------------
